<?xml version="1.0" encoding="UTF-8"?>
<!-- Generated by org.testng.reporters.JUnitReportReporter -->
<testsuite hostname="LAPTOP-345AI7ST" name="testcases.logInPageTest" tests="3" failures="0" timestamp="11 Apr 2019 08:22:43 GMT" time="116.836" errors="0">
  <testcase name="loginPageTitleTest" time="36.859" classname="testcases.logInPageTest"/>
  <testcase name="logintotheAccount" time="42.168" classname="testcases.logInPageTest"/>
  <testcase name="logoImagetest" time="37.809" classname="testcases.logInPageTest"/>
</testsuite> <!-- testcases.logInPageTest -->
