<?xml version="1.0" encoding="UTF-8"?>
<!-- Generated by org.testng.reporters.JUnitReportReporter -->
<testsuite hostname="LAPTOP-345AI7ST" name="testcases.dashBoardPageTest" tests="4" failures="0" timestamp="11 Apr 2019 08:22:43 GMT" time="176.315" errors="0">
  <testcase name="BillingLinkTest" time="43.889" classname="testcases.dashBoardPageTest"/>
  <testcase name="accountDetailsLinkTest" time="44.405" classname="testcases.dashBoardPageTest"/>
  <testcase name="orderLinkTest" time="47.410" classname="testcases.dashBoardPageTest"/>
  <testcase name="dashboardTitleTest" time="40.611" classname="testcases.dashBoardPageTest"/>
</testsuite> <!-- testcases.dashBoardPageTest -->
